{"C:\\Users\\andre\\code\\template\\src\\ambient.d.ts": {"path":"C:\\Users\\andre\\code\\template\\src\\ambient.d.ts","statementMap":{},"fnMap":{},"branchMap":{},"s":{},"f":{},"b":{},"inputSourceMap":null}
,"C:\\Users\\andre\\code\\template\\src\\client.ts": {"path":"C:\\Users\\andre\\code\\template\\src\\client.ts","statementMap":{"0":{"start":{"line":1,"column":0},"end":{"line":1,"column":38}},"1":{"start":{"line":3,"column":0},"end":{"line":5,"column":3}}},"fnMap":{},"branchMap":{},"s":{"0":0,"1":0},"f":{},"b":{}}
,"C:\\Users\\andre\\code\\template\\src\\server.ts": {"path":"C:\\Users\\andre\\code\\template\\src\\server.ts","statementMap":{"0":{"start":{"line":1,"column":0},"end":{"line":1,"column":24}},"1":{"start":{"line":2,"column":0},"end":{"line":2,"column":26}},"2":{"start":{"line":3,"column":0},"end":{"line":3,"column":38}},"3":{"start":{"line":4,"column":0},"end":{"line":4,"column":41}},"4":{"start":{"line":6,"column":27},"end":{"line":6,"column":38}},"5":{"start":{"line":7,"column":12},"end":{"line":7,"column":38}},"6":{"start":{"line":9,"column":0},"end":{"line":17,"column":4}},"7":{"start":{"line":16,"column":2},"end":{"line":16,"column":37}},"8":{"start":{"line":16,"column":11},"end":{"line":16,"column":37}}},"fnMap":{"0":{"name":"(anonymous_7)","decl":{"start":{"line":15,"column":15},"end":{"line":15,"column":18}},"loc":{"start":{"line":15,"column":21},"end":{"line":17,"column":2}}}},"branchMap":{"0":{"loc":{"start":{"line":16,"column":2},"end":{"line":16,"column":37}},"type":"if","locations":[{"start":{"line":16,"column":2},"end":{"line":16,"column":37}},{"start":{"line":16,"column":2},"end":{"line":16,"column":37}}]}},"s":{"0":0,"1":0,"2":0,"3":0,"4":0,"5":0,"6":0,"7":0,"8":0},"f":{"0":0},"b":{"0":[0,0]}}
,"C:\\Users\\andre\\code\\template\\src\\service-worker.ts": {"path":"C:\\Users\\andre\\code\\template\\src\\service-worker.ts","statementMap":{"0":{"start":{"line":1,"column":0},"end":{"line":1,"column":65}},"1":{"start":{"line":3,"column":15},"end":{"line":3,"column":34}},"2":{"start":{"line":7,"column":18},"end":{"line":7,"column":62}},"3":{"start":{"line":8,"column":21},"end":{"line":8,"column":38}},"4":{"start":{"line":10,"column":0},"end":{"line":19,"column":3}},"5":{"start":{"line":11,"column":1},"end":{"line":18,"column":3}},"6":{"start":{"line":14,"column":18},"end":{"line":14,"column":40}},"7":{"start":{"line":16,"column":6},"end":{"line":16,"column":62}},"8":{"start":{"line":21,"column":0},"end":{"line":32,"column":3}},"9":{"start":{"line":22,"column":1},"end":{"line":31,"column":3}},"10":{"start":{"line":25,"column":3},"end":{"line":27,"column":null}},"11":{"start":{"line":26,"column":4},"end":{"line":26,"column":49}},"12":{"start":{"line":26,"column":24},"end":{"line":26,"column":49}},"13":{"start":{"line":29,"column":5},"end":{"line":29,"column":63}},"14":{"start":{"line":40,"column":15},"end":{"line":40,"column":55}},"15":{"start":{"line":42,"column":1},"end":{"line":51,"column":null}},"16":{"start":{"line":43,"column":19},"end":{"line":43,"column":39}},"17":{"start":{"line":44,"column":2},"end":{"line":44,"column":39}},"18":{"start":{"line":45,"column":2},"end":{"line":45,"column":18}},"19":{"start":{"line":47,"column":19},"end":{"line":47,"column":45}},"20":{"start":{"line":48,"column":2},"end":{"line":48,"column":32}},"21":{"start":{"line":48,"column":16},"end":{"line":48,"column":32}},"22":{"start":{"line":50,"column":2},"end":{"line":50,"column":12}},"23":{"start":{"line":54,"column":0},"end":{"line":86,"column":3}},"24":{"start":{"line":55,"column":1},"end":{"line":55,"column":82}},"25":{"start":{"line":55,"column":75},"end":{"line":55,"column":82}},"26":{"start":{"line":57,"column":13},"end":{"line":57,"column":39}},"27":{"start":{"line":60,"column":16},"end":{"line":60,"column":47}},"28":{"start":{"line":61,"column":28},"end":{"line":61,"column":102}},"29":{"start":{"line":62,"column":23},"end":{"line":62,"column":88}},"30":{"start":{"line":63,"column":29},"end":{"line":63,"column":87}},"31":{"start":{"line":65,"column":1},"end":{"line":85,"column":null}},"32":{"start":{"line":66,"column":2},"end":{"line":84,"column":4}},"33":{"start":{"line":71,"column":24},"end":{"line":71,"column":74}},"34":{"start":{"line":82,"column":4},"end":{"line":82,"column":55}}},"fnMap":{"0":{"name":"(anonymous_0)","decl":{"start":{"line":10,"column":33},"end":{"line":10,"column":34}},"loc":{"start":{"line":10,"column":60},"end":{"line":19,"column":1}}},"1":{"name":"(anonymous_1)","decl":{"start":{"line":14,"column":9},"end":{"line":14,"column":14}},"loc":{"start":{"line":14,"column":18},"end":{"line":14,"column":40}}},"2":{"name":"(anonymous_2)","decl":{"start":{"line":15,"column":9},"end":{"line":15,"column":12}},"loc":{"start":{"line":15,"column":14},"end":{"line":17,"column":4}}},"3":{"name":"(anonymous_3)","decl":{"start":{"line":21,"column":34},"end":{"line":21,"column":35}},"loc":{"start":{"line":21,"column":61},"end":{"line":32,"column":1}}},"4":{"name":"(anonymous_4)","decl":{"start":{"line":23,"column":21},"end":{"line":23,"column":26}},"loc":{"start":{"line":23,"column":34},"end":{"line":30,"column":3}}},"5":{"name":"fetchAndCache","decl":{"start":{"line":39,"column":15},"end":{"line":39,"column":28}},"loc":{"start":{"line":39,"column":45},"end":{"line":52,"column":1}}},"6":{"name":"(anonymous_6)","decl":{"start":{"line":54,"column":31},"end":{"line":54,"column":32}},"loc":{"start":{"line":54,"column":53},"end":{"line":86,"column":1}}},"7":{"name":"(anonymous_7)","decl":{"start":{"line":67,"column":4},"end":{"line":67,"column":9}},"loc":{"start":{"line":67,"column":15},"end":{"line":83,"column":4}}}},"branchMap":{"0":{"loc":{"start":{"line":26,"column":4},"end":{"line":26,"column":49}},"type":"if","locations":[{"start":{"line":26,"column":4},"end":{"line":26,"column":49}},{"start":{"line":26,"column":4},"end":{"line":26,"column":49}}]},"1":{"loc":{"start":{"line":48,"column":2},"end":{"line":48,"column":32}},"type":"if","locations":[{"start":{"line":48,"column":2},"end":{"line":48,"column":32}},{"start":{"line":48,"column":2},"end":{"line":48,"column":32}}]},"2":{"loc":{"start":{"line":55,"column":1},"end":{"line":55,"column":82}},"type":"if","locations":[{"start":{"line":55,"column":1},"end":{"line":55,"column":82}},{"start":{"line":55,"column":1},"end":{"line":55,"column":82}}]},"3":{"loc":{"start":{"line":55,"column":5},"end":{"line":55,"column":35}},"type":"binary-expr","locations":[{"start":{"line":55,"column":5},"end":{"line":55,"column":35}},{"start":{"line":55,"column":39},"end":{"line":55,"column":73}}]},"4":{"loc":{"start":{"line":61,"column":28},"end":{"line":61,"column":67}},"type":"binary-expr","locations":[{"start":{"line":61,"column":28},"end":{"line":61,"column":67}},{"start":{"line":61,"column":71},"end":{"line":61,"column":102}}]},"5":{"loc":{"start":{"line":62,"column":23},"end":{"line":62,"column":54}},"type":"binary-expr","locations":[{"start":{"line":62,"column":23},"end":{"line":62,"column":54}},{"start":{"line":62,"column":58},"end":{"line":62,"column":88}}]},"6":{"loc":{"start":{"line":63,"column":29},"end":{"line":63,"column":69}},"type":"binary-expr","locations":[{"start":{"line":63,"column":29},"end":{"line":63,"column":69}},{"start":{"line":63,"column":73},"end":{"line":63,"column":87}}]},"7":{"loc":{"start":{"line":65,"column":1},"end":{"line":85,"column":null}},"type":"if","locations":[{"start":{"line":65,"column":1},"end":{"line":85,"column":null}},{"start":{"line":65,"column":1},"end":{"line":85,"column":null}}]},"8":{"loc":{"start":{"line":65,"column":5},"end":{"line":65,"column":11}},"type":"binary-expr","locations":[{"start":{"line":65,"column":5},"end":{"line":65,"column":11}},{"start":{"line":65,"column":15},"end":{"line":65,"column":34}},{"start":{"line":65,"column":38},"end":{"line":65,"column":58}}]},"9":{"loc":{"start":{"line":71,"column":24},"end":{"line":71,"column":37}},"type":"binary-expr","locations":[{"start":{"line":71,"column":24},"end":{"line":71,"column":37}},{"start":{"line":71,"column":41},"end":{"line":71,"column":74}}]},"10":{"loc":{"start":{"line":82,"column":11},"end":{"line":82,"column":22}},"type":"binary-expr","locations":[{"start":{"line":82,"column":11},"end":{"line":82,"column":22}},{"start":{"line":82,"column":26},"end":{"line":82,"column":54}}]}},"s":{"0":0,"1":0,"2":0,"3":0,"4":0,"5":0,"6":0,"7":0,"8":0,"9":0,"10":0,"11":0,"12":0,"13":0,"14":0,"15":0,"16":0,"17":0,"18":0,"19":0,"20":0,"21":0,"22":0,"23":0,"24":0,"25":0,"26":0,"27":0,"28":0,"29":0,"30":0,"31":0,"32":0,"33":0,"34":0},"f":{"0":0,"1":0,"2":0,"3":0,"4":0,"5":0,"6":0,"7":0},"b":{"0":[0,0],"1":[0,0],"2":[0,0],"3":[0,0],"4":[0,0],"5":[0,0],"6":[0,0],"7":[0,0],"8":[0,0,0],"9":[0,0],"10":[0,0]}}
,"C:\\Users\\andre\\code\\template\\src\\testFunction.ts": {"path":"C:\\Users\\andre\\code\\template\\src\\testFunction.ts","statementMap":{"0":{"start":{"line":2,"column":4},"end":{"line":2,"column":25}},"1":{"start":{"line":1,"column":0},"end":{"line":1,"column":16}}},"fnMap":{"0":{"name":"testFunction","decl":{"start":{"line":1,"column":16},"end":{"line":1,"column":28}},"loc":{"start":{"line":1,"column":28},"end":{"line":3,"column":1}}}},"branchMap":{},"s":{"0":0,"1":0},"f":{"0":0},"b":{}}
}
